[debug] [2017-11-16T09:48:46.219Z] ----------------------------------------------------------------------
[debug] [2017-11-16T09:48:46.234Z] Command:       C:\Program Files\nodejs\node.exe C:\Users\SP\AppData\Roaming\npm\node_modules\firebase-tools\bin\firebase deploy
[debug] [2017-11-16T09:48:46.234Z] CLI Version:   3.15.1
[debug] [2017-11-16T09:48:46.234Z] Platform:      win32
[debug] [2017-11-16T09:48:46.234Z] Node Version:  v6.11.0
[debug] [2017-11-16T09:48:46.234Z] Time:          Thu Nov 16 2017 15:18:46 GMT+0530 (India Standard Time)
[debug] [2017-11-16T09:48:46.234Z] ----------------------------------------------------------------------
[debug] 
[debug] [2017-11-16T09:48:46.329Z] > command requires scopes: ["email","openid","https://www.googleapis.com/auth/cloudplatformprojects.readonly","https://www.googleapis.com/auth/firebase","https://www.googleapis.com/auth/cloud-platform"]
[debug] [2017-11-16T09:48:46.329Z] > authorizing via signed-in user
[debug] [2017-11-16T09:48:46.339Z] > refreshing access token with scopes: ["email","https://www.googleapis.com/auth/cloud-platform","https://www.googleapis.com/auth/cloudplatformprojects.readonly","https://www.googleapis.com/auth/firebase","openid"]
[debug] [2017-11-16T09:48:46.339Z] >>> HTTP REQUEST POST https://www.googleapis.com/oauth2/v3/token { refresh_token: '1/YvTXurt0IibliSVaBQX0zkvT5LDTwnJsZihOeW1cNVA',
  client_id: '563584335869-fgrhgmd47bqnekij5i8b5pr03ho849e6.apps.googleusercontent.com',
  client_secret: 'j9iVZfS8kkCEFUPaAeJV0sAi',
  grant_type: 'refresh_token',
  scope: 'email https://www.googleapis.com/auth/cloud-platform https://www.googleapis.com/auth/cloudplatformprojects.readonly https://www.googleapis.com/auth/firebase openid' } 
 Thu Nov 16 2017 15:18:46 GMT+0530 (India Standard Time)
[debug] [2017-11-16T09:48:47.113Z] <<< HTTP RESPONSE 200
[debug] [2017-11-16T09:48:47.153Z] >>> HTTP REQUEST GET https://admin.firebase.com/v1/projects/cloudfire-56bf9  
 Thu Nov 16 2017 15:18:47 GMT+0530 (India Standard Time)
[debug] [2017-11-16T09:48:48.739Z] <<< HTTP RESPONSE 200
[debug] [2017-11-16T09:48:48.743Z] >>> HTTP REQUEST GET https://admin.firebase.com/v1/database/cloudfire-56bf9/tokens  
 Thu Nov 16 2017 15:18:48 GMT+0530 (India Standard Time)
[debug] [2017-11-16T09:48:53.750Z] <<< HTTP RESPONSE 200
[info] 
[info] === Deploying to 'cloudfire-56bf9'...
[info] 
[info] i  deploying hosting
[info] i  hosting: preparing dist directory for upload...
[debug] [2017-11-16T09:49:28.331Z] >>> HTTP REQUEST PUT https://deploy.firebase.com/v1/hosting/cloudfire-56bf9/uploads/-Kz3DoWujhFd83tBy493?fileCount=7298&message=  
 Thu Nov 16 2017 15:19:28 GMT+0530 (India Standard Time)
[debug] [2017-11-16T09:51:37.026Z] <<< HTTP RESPONSE 200
[debug] [2017-11-16T09:51:37.036Z] [hosting] .tgz uploaded successfully, waiting for extraction
[info] +  hosting: 7298 files uploaded successfully
[debug] [2017-11-16T09:52:34.920Z] >>> HTTP REQUEST POST https://deploy.firebase.com/v1/projects/cloudfire-56bf9/releases { hosting: 
   { public: 'dist',
     ignore: [ 'firebase.json', '**/.*', '**/node_modules/**' ],
     rewrites: [ [Object] ],
     version: '-Kz3DoWujhFd83tBy493',
     prefix: '-Kz3DoWujhFd83tBy493/',
     manifest: [] } } 
 Thu Nov 16 2017 15:22:34 GMT+0530 (India Standard Time)
